TN:
SF:src/entities/Event.ts
FN:2,(anonymous_0)
FNF:1
FNH:1
FNDA:1,(anonymous_0)
DA:1,1
DA:3,1
DA:4,1
DA:5,1
LF:4
LH:4
BRF:0
BRH:0
end_of_record
TN:
SF:src/entities/Ticket.ts
FN:7,(anonymous_0)
FN:17,(anonymous_1)
FN:21,(anonymous_2)
FNF:3
FNH:3
FNDA:4,(anonymous_0)
FNDA:4,(anonymous_1)
FNDA:2,(anonymous_2)
DA:1,2
DA:2,2
DA:4,2
DA:8,4
DA:9,4
DA:11,4
DA:13,4
DA:14,3
DA:18,4
DA:22,2
LF:10
LH:10
BRDA:14,0,0,1
BRF:1
BRH:1
end_of_record
TN:
SF:src/repositories/event/EventRepository.fake.ts
FN:6,(anonymous_0)
FN:8,(anonymous_1)
FN:12,(anonymous_2)
FNF:3
FNH:3
FNDA:1,(anonymous_0)
FNDA:1,(anonymous_1)
FNDA:1,(anonymous_2)
DA:1,1
DA:4,1
DA:9,1
DA:13,1
DA:14,1
DA:16,1
LF:6
LH:6
BRDA:13,0,0,1
BRF:1
BRH:1
end_of_record
TN:
SF:src/repositories/factory/RepositoryFactory.fake.ts
FN:8,(anonymous_0)
FN:11,(anonymous_1)
FNF:2
FNH:2
FNDA:1,(anonymous_0)
FNDA:2,(anonymous_1)
DA:1,1
DA:3,1
DA:7,1
DA:9,1
DA:12,2
LF:5
LH:5
BRF:0
BRH:0
end_of_record
TN:
SF:src/repositories/ticket/TicketRepository.fake.ts
FN:8,(anonymous_0)
FN:10,(anonymous_1)
FN:14,(anonymous_2)
FN:15,(anonymous_3)
FN:20,(anonymous_4)
FNF:5
FNH:5
FNDA:1,(anonymous_0)
FNDA:1,(anonymous_1)
FNDA:1,(anonymous_2)
FNDA:1,(anonymous_3)
FNDA:2,(anonymous_4)
DA:4,1
DA:5,1
DA:11,1
DA:15,1
DA:16,1
DA:17,1
DA:21,2
DA:22,1
DA:24,2
LF:9
LH:9
BRDA:16,0,0,0
BRDA:21,1,0,1
BRF:2
BRH:1
end_of_record
TN:
SF:src/use-cases/GetTicket.ts
FN:6,(anonymous_0)
FN:10,(anonymous_1)
FNF:2
FNH:2
FNDA:1,(anonymous_0)
FNDA:1,(anonymous_1)
DA:4,1
DA:6,1
DA:7,1
DA:11,1
DA:12,1
DA:13,1
LF:6
LH:6
BRDA:12,0,0,0
BRF:1
BRH:0
end_of_record
TN:
SF:src/use-cases/PurchaseTicket.ts
FN:10,(anonymous_0)
FN:15,(anonymous_1)
FNF:2
FNH:2
FNDA:1,(anonymous_0)
FNDA:1,(anonymous_1)
DA:1,1
DA:6,1
DA:10,1
DA:11,1
DA:12,1
DA:16,1
DA:17,1
DA:18,1
DA:19,1
DA:20,1
LF:10
LH:10
BRDA:17,0,0,0
BRF:1
BRH:0
end_of_record
TN:
SF:src/value-objects/Email.ts
FN:3,(anonymous_0)
FN:9,(anonymous_1)
FNF:2
FNH:2
FNDA:4,(anonymous_0)
FNDA:2,(anonymous_1)
DA:1,2
DA:4,4
DA:5,4
DA:6,3
DA:10,2
LF:5
LH:5
BRDA:5,0,0,1
BRF:1
BRH:1
end_of_record
